<?xml version="1.0" encoding="UTF-8"?>
<!-- Generated by org.testng.reporters.JUnitReportReporter -->
<testsuite skipped="0" hostname="d8dd63e181bf" name="com.newtours.tests.BookFlightTest" tests="10" failures="0" timestamp="08 Apr 2021 14:06:13 GMT" time="16.714" errors="0">
  <testcase name="registrationPage" time="3.917" classname="com.newtours.tests.BookFlightTest"/>
  <testcase name="registrationConfirmationPage" time="0.313" classname="com.newtours.tests.BookFlightTest"/>
  <testcase name="FlightconfirmationPage" time="0.527" classname="com.newtours.tests.BookFlightTest"/>
  <testcase name="findFlightPage" time="0.515" classname="com.newtours.tests.BookFlightTest"/>
  <testcase name="findFlightPage" time="0.857" classname="com.newtours.tests.BookFlightTest"/>
  <testcase name="registrationPage" time="5.843" classname="com.newtours.tests.BookFlightTest"/>
  <testcase name="registrationConfirmationPage" time="0.313" classname="com.newtours.tests.BookFlightTest"/>
  <testcase name="flightDetailsPage" time="1.714" classname="com.newtours.tests.BookFlightTest"/>
  <testcase name="flightDetailsPage" time="1.951" classname="com.newtours.tests.BookFlightTest"/>
  <testcase name="FlightconfirmationPage" time="0.764" classname="com.newtours.tests.BookFlightTest"/>
</testsuite> <!-- com.newtours.tests.BookFlightTest -->
