<?xml version="1.0" encoding="UTF-8"?>
<!-- Generated by org.testng.reporters.JUnitReportReporter -->
<testsuite skipped="0" hostname="3005b40770cb" name="com.newtours.tests.BookFlightTest" tests="10" failures="0" timestamp="08 Apr 2021 14:06:21 GMT" time="16.021" errors="0">
  <testcase name="registrationPage" time="5.005" classname="com.newtours.tests.BookFlightTest"/>
  <testcase name="flightDetailsPage" time="2.174" classname="com.newtours.tests.BookFlightTest"/>
  <testcase name="flightDetailsPage" time="1.825" classname="com.newtours.tests.BookFlightTest"/>
  <testcase name="findFlightPage" time="0.676" classname="com.newtours.tests.BookFlightTest"/>
  <testcase name="FlightconfirmationPage" time="0.418" classname="com.newtours.tests.BookFlightTest"/>
  <testcase name="findFlightPage" time="0.893" classname="com.newtours.tests.BookFlightTest"/>
  <testcase name="registrationConfirmationPage" time="0.442" classname="com.newtours.tests.BookFlightTest"/>
  <testcase name="registrationConfirmationPage" time="0.170" classname="com.newtours.tests.BookFlightTest"/>
  <testcase name="FlightconfirmationPage" time="0.692" classname="com.newtours.tests.BookFlightTest"/>
  <testcase name="registrationPage" time="3.726" classname="com.newtours.tests.BookFlightTest"/>
</testsuite> <!-- com.newtours.tests.BookFlightTest -->
